#
# A fatal error has been detected by the Java Runtime Environment:
#
#  EXCEPTION_ACCESS_VIOLATION (0xc0000005) at pc=0x6d9109bb, pid=1844, tid=3224
#
# JRE version: 6.0_21-b07
# Java VM: Java HotSpot(TM) Client VM (17.0-b17 mixed mode windows-x86 )
# Problematic frame:
# V  [jvm.dll+0x1109bb]
#
# If you would like to submit a bug report, please visit:
#   http://java.sun.com/webapps/bugreport/crash.jsp
#

---------------  T H R E A D  ---------------

Current thread (0x16b65c00):  JavaThread "JDWP Transport Listener: dt_socket" daemon [_thread_in_vm, id=3224, stack(0x16e00000,0x16e50000)]

siginfo: ExceptionCode=0xc0000005, reading address 0x532f6c69

Registers:
EAX=0x532f6c69, EBX=0x00000000, ECX=0x000071ee, EDX=0x00000000
ESP=0x16e4fbc0, EBP=0x16e4fbc4, ESI=0x16b65c00, EDI=0x003a43c8
EIP=0x6d9109bb, EFLAGS=0x00010206

Top of Stack: (sp=0x16e4fbc0)
0x16e4fbc0:   16b65c00 16e4fbec 6d9365c2 532f6c69
0x16e4fbd0:   16e4fc70 16e4fc27 16b65c00 00000000
0x16e4fbe0:   00000000 00000000 16b65c00 16e4fc28
0x16e4fbf0:   6d39976e 003a43c8 532f6c69 16e4fc27
0x16e4fc00:   532f6c69 6d3842c9 532f6c69 16e4fc27
0x16e4fc10:   00000002 00000000 00000000 00000009
0x16e4fc20:   00000000 00e4fc48 16e4fc48 6d384434
0x16e4fc30:   00000001 16e4fc64 16e4fe00 6d3a2b02 

Instructions: (pc=0x6d9109bb)
0x6d9109ab:   cc cc cc cc cc 55 8b ec 8b 45 08 85 c0 56 74 25
0x6d9109bb:   8b 30 85 f6 74 1f 81 fe fe fe fe fe 74 17 8b 46 


Stack: [0x16e00000,0x16e50000],  sp=0x16e4fbc0,  free space=13e16e4f6f4k
Native frames: (J=compiled Java code, j=interpreted, Vv=VM code, C=native code)
V  [jvm.dll+0x1109bb]
V  [jvm.dll+0x1365c2]
C  [jdwp.dll+0x1976e]
C  [jdwp.dll+0x4434]
C  [jdwp.dll+0x4472]
C  [jdwp.dll+0x17d53]
V  [jvm.dll+0x185f5c]
C  [msvcr71.dll+0x9565]
C  [kernel32.dll+0xb729]


---------------  P R O C E S S  ---------------

Java Threads: ( => current thread )
  0x16b86000 JavaThread "Low Memory Detector" daemon [_thread_blocked, id=2996, stack(0x16f40000,0x16f90000)]
  0x16b7b000 JavaThread "CompilerThread0" daemon [_thread_blocked, id=660, stack(0x16ef0000,0x16f40000)]
  0x16b6a000 JavaThread "JDWP Command Reader" daemon [_thread_in_native, id=620, stack(0x16ea0000,0x16ef0000)]
  0x16b68000 JavaThread "JDWP Event Helper Thread" daemon [_thread_blocked, id=2716, stack(0x16e50000,0x16ea0000)]
=>0x16b65c00 JavaThread "JDWP Transport Listener: dt_socket" daemon [_thread_in_vm, id=3224, stack(0x16e00000,0x16e50000)]
  0x16b59c00 JavaThread "Attach Listener" daemon [_thread_blocked, id=2700, stack(0x16d10000,0x16d60000)]
  0x16b58800 JavaThread "Signal Dispatcher" daemon [_thread_blocked, id=3700, stack(0x16cc0000,0x16d10000)]
  0x16b4a000 JavaThread "Finalizer" daemon [_thread_blocked, id=3304, stack(0x16c70000,0x16cc0000)]
  0x16b45800 JavaThread "Reference Handler" daemon [_thread_blocked, id=2664, stack(0x16c20000,0x16c70000)]
  0x003a8800 JavaThread "main" [_thread_blocked, id=3688, stack(0x008c0000,0x00910000)]

Other Threads:
  0x16b42c00 VMThread [stack: 0x16bd0000,0x16c20000] [id=3068]
  0x16b88000 WatcherThread [stack: 0x16f90000,0x16fe0000] [id=2424]

VM state:not at safepoint (normal execution)

VM Mutex/Monitor currently owned by a thread: None

Heap
 def new generation   total 4928K, used 2647K [0x02990000, 0x02ee0000, 0x07ee0000)
  eden space 4416K,  55% used [0x02990000, 0x02bf73f8, 0x02de0000)
  from space 512K,  36% used [0x02de0000, 0x02e0eaa8, 0x02e60000)
  to   space 512K,   0% used [0x02e60000, 0x02e60000, 0x02ee0000)
 tenured generation   total 10944K, used 274K [0x07ee0000, 0x08990000, 0x12990000)
   the space 10944K,   2% used [0x07ee0000, 0x07f24908, 0x07f24a00, 0x08990000)
 compacting perm gen  total 12288K, used 5085K [0x12990000, 0x13590000, 0x16990000)
   the space 12288K,  41% used [0x12990000, 0x12e87498, 0x12e87600, 0x13590000)
No shared spaces configured.

Dynamic libraries:
0x00400000 - 0x00424000 	C:\Program Files\Java\jre6\bin\javaw.exe
0x7c900000 - 0x7c9b2000 	C:\WINDOWS\system32\ntdll.dll
0x7c800000 - 0x7c8f6000 	C:\WINDOWS\system32\kernel32.dll
0x77dd0000 - 0x77e6b000 	C:\WINDOWS\system32\ADVAPI32.dll
0x77e70000 - 0x77f03000 	C:\WINDOWS\system32\RPCRT4.dll
0x77fe0000 - 0x77ff1000 	C:\WINDOWS\system32\Secur32.dll
0x7e410000 - 0x7e4a1000 	C:\WINDOWS\system32\USER32.dll
0x77f10000 - 0x77f59000 	C:\WINDOWS\system32\GDI32.dll
0x76390000 - 0x763ad000 	C:\WINDOWS\system32\IMM32.DLL
0x7c340000 - 0x7c396000 	C:\Program Files\Java\jre6\bin\msvcr71.dll
0x6d800000 - 0x6daa7000 	C:\Program Files\Java\jre6\bin\client\jvm.dll
0x76b40000 - 0x76b6d000 	C:\WINDOWS\system32\WINMM.dll
0x6d7b0000 - 0x6d7bc000 	C:\Program Files\Java\jre6\bin\verify.dll
0x6d330000 - 0x6d34f000 	C:\Program Files\Java\jre6\bin\java.dll
0x6d290000 - 0x6d298000 	C:\Program Files\Java\jre6\bin\hpi.dll
0x76bf0000 - 0x76bfb000 	C:\WINDOWS\system32\PSAPI.DLL
0x6d380000 - 0x6d3a9000 	C:\Program Files\Java\jre6\bin\jdwp.dll
0x6d6a0000 - 0x6d6a6000 	C:\Program Files\Java\jre6\bin\npt.dll
0x6d7f0000 - 0x6d7ff000 	C:\Program Files\Java\jre6\bin\zip.dll
0x6d200000 - 0x6d207000 	C:\Program Files\Java\jre6\bin\dt_socket.dll
0x71ab0000 - 0x71ac7000 	C:\WINDOWS\system32\WS2_32.dll
0x77c10000 - 0x77c68000 	C:\WINDOWS\system32\msvcrt.dll
0x71aa0000 - 0x71aa8000 	C:\WINDOWS\system32\WS2HELP.dll
0x71a50000 - 0x71a8f000 	C:\WINDOWS\System32\mswsock.dll
0x76f20000 - 0x76f47000 	C:\WINDOWS\system32\DNSAPI.dll
0x76d60000 - 0x76d79000 	C:\WINDOWS\system32\iphlpapi.dll
0x76fb0000 - 0x76fb8000 	C:\WINDOWS\System32\winrnr.dll
0x76f60000 - 0x76f8c000 	C:\WINDOWS\system32\WLDAP32.dll
0x76fc0000 - 0x76fc6000 	C:\WINDOWS\system32\rasadhlp.dll
0x662b0000 - 0x66308000 	C:\WINDOWS\system32\hnetcfg.dll
0x71a90000 - 0x71a98000 	C:\WINDOWS\System32\wshtcpip.dll

VM Arguments:
jvm_args: -agentlib:jdwp=transport=dt_socket,suspend=y,address=localhost:1532 -Dfile.encoding=UTF-8 
java_command: com.appirio.WorkerProcess
Launcher Type: SUN_STANDARD

Environment Variables:
JAVA_HOME=C:\Program Files\Java\jdk1.6.0_21
PATH=C:/Program Files/Java/jre6/bin/client;C:/Program Files/Java/jre6/bin;C:/Program Files/Java/jre6/lib/i386;C:\WINDOWS\system32;C:\WINDOWS;C:\WINDOWS\System32\Wbem;C:\apache-maven-2.2.1\bin;C:\apache-ant-1.8.1\bin;C:\Program Files\Java\jdk1.6.0_21\bin;C:\Program Files\TortoiseSVN\bin;C:\apache-tomcat-6.0.32\bin;C:\Program Files\Heroku\bin;C:\Program Files\ruby-1.9.2\bin;C:\Program Files\git\bin;C:\Program Files\git\cmd;F:\Heroku\bin;F:\eclipse-java-indigo-SR2-win32\eclipse;
USERNAME=anjali
OS=Windows_NT
PROCESSOR_IDENTIFIER=x86 Family 6 Model 15 Stepping 13, GenuineIntel



---------------  S Y S T E M  ---------------

OS: Windows XP Build 2600 Service Pack 3

CPU:total 2 (2 cores per cpu, 1 threads per core) family 6 model 15 stepping 13, cmov, cx8, fxsr, mmx, sse, sse2, sse3, ssse3

Memory: 4k page, physical 2088172k(223552k free), swap 4026596k(2159836k free)

vm_info: Java HotSpot(TM) Client VM (17.0-b17) for windows-x86 JRE (1.6.0_21-b07), built on Jul 17 2010 01:10:15 by "java_re" with MS VC++ 7.1 (VS2003)

time: Wed Oct 30 11:28:39 2013
elapsed time: 3489 seconds

